TN:
SF:src\app\app.component.ts
FN:15,(anonymous_0)
FN:18,(anonymous_1)
FNF:2
FNH:1
FNDA:1,(anonymous_0)
FNDA:0,(anonymous_1)
DA:13,1
DA:15,1
DA:19,0
LF:3
LH:2
BRF:0
BRH:0
end_of_record
TN:
SF:src\app\app.routes.ts
FNF:0
FNH:0
DA:5,1
LF:1
LH:1
BRF:0
BRH:0
end_of_record
TN:
SF:src\app\home\home.component.ts
FNF:0
FNH:0
DA:21,1
LF:1
LH:1
BRF:0
BRH:0
end_of_record
TN:
SF:src\app\layout\layout.component.ts
FN:32,(anonymous_0)
FN:36,(anonymous_1)
FN:41,(anonymous_2)
FN:44,(anonymous_3)
FN:47,(anonymous_4)
FN:48,(anonymous_5)
FN:51,(anonymous_6)
FNF:7
FNH:6
FNDA:6,(anonymous_0)
FNDA:0,(anonymous_1)
FNDA:3,(anonymous_2)
FNDA:2,(anonymous_3)
FNDA:3,(anonymous_4)
FNDA:2,(anonymous_5)
FNDA:2,(anonymous_6)
DA:31,1
DA:32,6
DA:33,3
DA:34,3
DA:36,0
DA:41,3
DA:45,2
DA:47,3
DA:49,2
DA:52,2
LF:10
LH:9
BRDA:47,0,0,3
BRDA:47,0,1,2
BRF:2
BRH:2
end_of_record
TN:
SF:src\app\resume\bulleted-content.pipe.ts
FN:9,(anonymous_0)
FN:13,(anonymous_1)
FNF:2
FNH:2
FNDA:2,(anonymous_0)
FNDA:3,(anonymous_1)
DA:7,1
DA:10,2
DA:14,3
DA:15,2
DA:16,1
DA:17,1
DA:18,1
DA:19,1
DA:20,1
DA:21,183
DA:22,183
DA:23,3
DA:24,3
DA:26,180
DA:27,135
DA:29,45
DA:33,1
DA:34,1
LF:18
LH:18
BRDA:14,0,0,2
BRDA:22,1,0,3
BRDA:22,1,1,180
BRDA:26,2,0,135
BRDA:26,2,1,45
BRF:5
BRH:5
end_of_record
TN:
SF:src\app\resume\resume.component.ts
FN:26,(anonymous_0)
FN:29,(anonymous_1)
FN:34,(anonymous_2)
FN:35,(anonymous_3)
FN:42,(anonymous_4)
FNF:5
FNH:4
FNDA:1,(anonymous_0)
FNDA:1,(anonymous_1)
FNDA:1,(anonymous_2)
FNDA:1,(anonymous_3)
FNDA:0,(anonymous_4)
DA:21,1
DA:23,1
DA:26,1
DA:30,1
DA:35,1
DA:36,1
DA:37,1
DA:38,1
DA:43,0
LF:9
LH:8
BRF:0
BRH:0
end_of_record
TN:
SF:src\app\resume\template\elegant\elegant.component.ts
FNF:0
FNH:0
DA:13,1
LF:1
LH:1
BRF:0
BRH:0
end_of_record
TN:
SF:src\app\resume\template\elegant\description\description.component.ts
FN:15,(anonymous_0)
FNF:1
FNH:1
FNDA:1,(anonymous_0)
DA:11,1
LF:1
LH:1
BRF:0
BRH:0
end_of_record
TN:
SF:src\app\resume\template\timeline\timeline.component.ts
FN:62,(anonymous_0)
FN:67,(anonymous_1)
FN:71,(anonymous_2)
FN:76,(anonymous_3)
FN:83,(anonymous_4)
FN:90,(anonymous_5)
FN:95,(anonymous_6)
FNF:7
FNH:0
FNDA:0,(anonymous_0)
FNDA:0,(anonymous_1)
FNDA:0,(anonymous_2)
FNDA:0,(anonymous_3)
FNDA:0,(anonymous_4)
FNDA:0,(anonymous_5)
FNDA:0,(anonymous_6)
DA:21,1
DA:25,2
DA:27,2
DA:29,2
DA:60,2
DA:63,0
DA:64,0
DA:68,0
DA:72,0
DA:73,0
DA:77,0
DA:78,0
DA:79,0
DA:84,0
DA:85,0
DA:86,0
DA:91,0
DA:92,0
DA:96,0
DA:97,0
LF:20
LH:5
BRDA:78,0,0,0
BRDA:85,1,0,0
BRF:2
BRH:0
end_of_record
TN:
SF:src\app\resume\template\timeline\description\description.component.ts
FN:15,(anonymous_0)
FNF:1
FNH:1
FNDA:1,(anonymous_0)
DA:11,1
LF:1
LH:1
BRF:0
BRH:0
end_of_record
TN:
SF:src\app\service\linkedin.service.ts
FN:15,(anonymous_0)
FN:17,(anonymous_1)
FNF:2
FNH:2
FNDA:2,(anonymous_0)
FNDA:1,(anonymous_1)
DA:9,1
DA:14,1
DA:15,2
DA:18,1
DA:19,1
LF:5
LH:5
BRF:0
BRH:0
end_of_record
